0 info it worked if it ends with ok
1 verbose cli [ 'C:\\Program Files\\nodejs\\node.exe',
1 verbose cli   'C:\\Program Files\\nodejs\\node_modules\\npm\\bin\\npm-cli.js',
1 verbose cli   'run',
1 verbose cli   'dev' ]
2 info using npm@3.10.10
3 info using node@v6.10.2
4 verbose run-script [ 'predev', 'dev', 'postdev' ]
5 info lifecycle app1@1.0.0~predev: app1@1.0.0
6 silly lifecycle app1@1.0.0~predev: no script for predev, continuing
7 info lifecycle app1@1.0.0~dev: app1@1.0.0
8 verbose lifecycle app1@1.0.0~dev: unsafe-perm in lifecycle true
9 verbose lifecycle app1@1.0.0~dev: PATH: C:\Program Files\nodejs\node_modules\npm\bin\node-gyp-bin;C:\Learn\Node\Ex_Files_Fullstack_Java_Dev\MyApp\app1\node_modules\.bin;C:\WINDOWS\System32;C:\WINDOWS;%SystemRoot\System32\Wbem;C:\WINDOWS\System32\Wbem;C:\WINDOWS\System32\WindowsPowerShell\v1.0\;C:\Program Files (x86)\Enterprise Vault\EVClient\;C:\Program Files\1E\NomadBranch\;c:\program files (x86)\common files\ado\system;C:\ProgramData\Oracle\Java\javapath;C:\Program Files (x86)\Box\Box Edit\;c:\Program Files\Intel\WiFi\bin\;c:\Program Files\Common Files\Intel\WirelessCommon\;C:\Program Files (x86)\WebEx\Productivity Tools;C:\Program Files\Java\jdk1.8.0_152\bin;C:\Program Files\Git\cmd;C:\WINDOWS\System32\WindowsPowerShell\v1.0\;C:\Program Files\nodejs\;c:\Program Files (x86)\Sennheiser\SoftphoneSDK\;C:\Program Files\Java\jdk1.8.0_152\bin;C:\Program Files\TortoiseSVN\bin;c:\cspm\cloakware\cspmclient\lib;c:\cspm\cloakware\cspmclient\jre\bin;C:\Program Files (x86)\WebEx\PTools020000000;C:\Users\e641822\AppData\Local\Programs\Python\Python36-32\Scripts\;C:\Users\e641822\AppData\Local\Programs\Python\Python36-32\;S:\Client_Installs\Sybase_Client\SQL12.0.4\OCS-12_0\dll;S:\Client_Installs\Sybase_Client\SQL12.0.4\OCS-12_0\bin;C:\Users\e641822\AppData\Roaming\npm
10 verbose lifecycle app1@1.0.0~dev: CWD: C:\Learn\Node\Ex_Files_Fullstack_Java_Dev\MyApp\app1
11 silly lifecycle app1@1.0.0~dev: Args: [ '/d /s /c', 'webpack -wd' ]
12 silly lifecycle app1@1.0.0~dev: Returned: code: 3221225786  signal: null
13 info lifecycle app1@1.0.0~dev: Failed to exec dev script
14 verbose stack Error: app1@1.0.0 dev: `webpack -wd`
14 verbose stack Exit status 3221225786
14 verbose stack     at EventEmitter.<anonymous> (C:\Program Files\nodejs\node_modules\npm\lib\utils\lifecycle.js:255:16)
14 verbose stack     at emitTwo (events.js:106:13)
14 verbose stack     at EventEmitter.emit (events.js:191:7)
14 verbose stack     at ChildProcess.<anonymous> (C:\Program Files\nodejs\node_modules\npm\lib\utils\spawn.js:40:14)
14 verbose stack     at emitTwo (events.js:106:13)
14 verbose stack     at ChildProcess.emit (events.js:191:7)
14 verbose stack     at maybeClose (internal/child_process.js:886:16)
14 verbose stack     at Process.ChildProcess._handle.onexit (internal/child_process.js:226:5)
15 verbose pkgid app1@1.0.0
16 verbose cwd C:\Learn\Node\Ex_Files_Fullstack_Java_Dev\MyApp\app1
17 error Windows_NT 6.1.7601
18 error argv "C:\\Program Files\\nodejs\\node.exe" "C:\\Program Files\\nodejs\\node_modules\\npm\\bin\\npm-cli.js" "run" "dev"
19 error node v6.10.2
20 error npm  v3.10.10
21 error code ELIFECYCLE
22 error app1@1.0.0 dev: `webpack -wd`
22 error Exit status 3221225786
23 error Failed at the app1@1.0.0 dev script 'webpack -wd'.
23 error Make sure you have the latest version of node.js and npm installed.
23 error If you do, this is most likely a problem with the app1 package,
23 error not with npm itself.
23 error Tell the author that this fails on your system:
23 error     webpack -wd
23 error You can get information on how to open an issue for this project with:
23 error     npm bugs app1
23 error Or if that isn't available, you can get their info via:
23 error     npm owner ls app1
23 error There is likely additional logging output above.
24 verbose exit [ 1, true ]
